<?xml version="1.0" encoding="UTF-8"?>
<!-- Generated by org.testng.reporters.JUnitReportReporter -->
<testsuite hostname="DESKTOP-08I68SM" failures="0" tests="1" name="test.A" time="6.382" errors="0" timestamp="2022-09-04T15:10:41 IST" skipped="0">
  <testcase classname="test.A" name="m1" time="6.382"/>
  <system-out/>
</testsuite> <!-- test.A -->
