<?xml version="1.0" encoding="UTF-8"?>
<!-- Generated by org.testng.reporters.JUnitReportReporter -->
<testsuite hostname="DESKTOP-08I68SM" failures="0" tests="1" name="KiteTest.Test_class" time="3.807" errors="0" timestamp="2022-09-04T15:39:14 IST" skipped="0">
  <testcase classname="KiteTest.Test_class" name="verifyuserID" time="3.807"/>
  <system-out>
    <![CDATA[running verify user ID ]]>
  </system-out>
</testsuite> <!-- KiteTest.Test_class -->
